2025-04-16 18:36:12,944 IR bucket IR: weighted=[ 500. 1100.  900.], Kb=2470.5869747895945
2025-04-16 18:36:12,944 IR total capital charge: 2470.5869747895945
2025-04-16 18:36:12,948 EQ bucket EQ: weighted=[9600. 6300.], Kb=14918.780110987627
2025-04-16 18:36:12,948 EQ total capital charge: 14918.780110987627
2025-04-16 18:36:12,954 FX bucket FX: weighted=[3000. 2000.], Kb=4494.441010848846
2025-04-16 18:36:12,955 FX total capital charge: 4494.441010848846
2025-04-16 18:36:18,607 IR bucket IR: weighted=[ 500. 1100.  900.], Kb=2470.5869747895945
2025-04-16 18:36:18,607 IR total capital charge: 2470.5869747895945
2025-04-16 18:36:18,609 EQ bucket EQ: weighted=[9600. 6300.], Kb=14918.780110987627
2025-04-16 18:36:18,609 EQ total capital charge: 14918.780110987627
2025-04-16 18:36:18,611 FX bucket FX: weighted=[3000. 2000.], Kb=4494.441010848846
2025-04-16 18:36:18,611 FX total capital charge: 4494.441010848846
2025-04-16 18:37:48,858 IR bucket IR: weighted=[ 500. 1100.  900.], Kb=2470.5869747895945
2025-04-16 18:37:48,859 IR total capital charge: 2470.5869747895945
2025-04-16 18:37:48,860 EQ bucket EQ: weighted=[9600. 6300.], Kb=14918.780110987627
2025-04-16 18:37:48,861 EQ total capital charge: 14918.780110987627
2025-04-16 18:37:48,864 FX bucket FX: weighted=[3000. 2000.], Kb=4494.441010848846
2025-04-16 18:37:48,864 FX total capital charge: 4494.441010848846
2025-04-16 18:37:48,868 VEGA bucket IR: weighted=[350.   0.   0.], Kb=350.0
2025-04-16 18:37:48,868 VEGA total capital charge: 350.0
2025-04-16 18:37:48,872 CURVATURE bucket EQ: weighted=[   0. 2400.    0.], Kb=2400.0
2025-04-16 18:37:48,872 CURVATURE total capital charge: 2400.0
2025-04-16 18:37:48,874 Default Risk Charge: 5250.0
2025-04-16 18:37:48,875 Residual Risk Add-On: 20000.0
2025-04-16 18:40:52,225 IR bucket IR: weighted=[ 500. 1100.  900.], Kb=2470.5869747895945
2025-04-16 18:40:52,226 IR total capital charge: 2470.5869747895945
2025-04-16 18:40:52,231 EQ bucket EQ: weighted=[9600. 6300.], Kb=14918.780110987627
2025-04-16 18:40:52,231 EQ total capital charge: 14918.780110987627
2025-04-16 18:40:52,234 FX bucket FX: weighted=[3000. 2000.], Kb=4494.441010848846
2025-04-16 18:40:52,235 FX total capital charge: 4494.441010848846
2025-04-16 18:40:52,238 VEGA bucket IR: weighted=[350.   0.   0.], Kb=350.0
2025-04-16 18:40:52,238 VEGA total capital charge: 350.0
2025-04-16 18:40:52,244 CURVATURE bucket EQ: weighted=[   0. 2400.    0.], Kb=2400.0
2025-04-16 18:40:52,244 CURVATURE total capital charge: 2400.0
2025-04-16 18:40:52,245 Default Risk Charge: 5250.0
2025-04-16 18:40:52,246 Residual Risk Add-On: 20000.0
2025-04-16 18:41:50,793 IR bucket IR: weighted=[ 500. 1100.  900.], Kb=2470.5869747895945
2025-04-16 18:41:50,793 IR total capital charge: 2470.5869747895945
2025-04-16 18:41:50,796 EQ bucket EQ: weighted=[9600. 6300.], Kb=14918.780110987627
2025-04-16 18:41:50,796 EQ total capital charge: 14918.780110987627
2025-04-16 18:41:50,799 FX bucket FX: weighted=[3000. 2000.], Kb=4494.441010848846
2025-04-16 18:41:50,799 FX total capital charge: 4494.441010848846
2025-04-16 18:41:50,802 VEGA bucket IR: weighted=[350.   0.   0.], Kb=350.0
2025-04-16 18:41:50,802 VEGA total capital charge: 350.0
2025-04-16 18:41:50,803 CURVATURE bucket EQ: weighted=[   0. 2400.    0.], Kb=2400.0
2025-04-16 18:41:50,803 CURVATURE total capital charge: 2400.0
2025-04-16 18:41:50,804 Default Risk Charge: 5250.0
2025-04-16 18:41:50,804 Residual Risk Add-On: 20000.0
2025-04-16 18:43:52,807 IR bucket IR: weighted=[ 500. 1100.  900.], Kb=2470.5869747895945
2025-04-16 18:43:52,808 IR total capital charge: 2470.5869747895945
2025-04-16 18:43:52,810 EQ bucket EQ: weighted=[9600. 6300.], Kb=14918.780110987627
2025-04-16 18:43:52,810 EQ total capital charge: 14918.780110987627
2025-04-16 18:43:52,812 FX bucket FX: weighted=[3000. 2000.], Kb=4494.441010848846
2025-04-16 18:43:52,812 FX total capital charge: 4494.441010848846
2025-04-16 18:44:34,257 IR bucket IR: weighted=[ 500. 1100.  900.], Kb=2470.5869747895945
2025-04-16 18:44:34,257 IR total capital charge: 2470.5869747895945
2025-04-16 18:44:34,259 EQ bucket EQ: weighted=[9600. 6300.], Kb=14918.780110987627
2025-04-16 18:44:34,259 EQ total capital charge: 14918.780110987627
2025-04-16 18:44:34,260 FX bucket FX: weighted=[3000. 2000.], Kb=4494.441010848846
2025-04-16 18:44:34,261 FX total capital charge: 4494.441010848846
2025-04-16 18:44:34,262 VEGA bucket IR: weighted=[350.   0.   0.], Kb=350.0
2025-04-16 18:44:34,263 VEGA total capital charge: 350.0
2025-04-16 18:44:34,264 CURVATURE bucket EQ: weighted=[   0. 2400.    0.], Kb=2400.0
2025-04-16 18:44:34,264 CURVATURE total capital charge: 2400.0
2025-04-16 18:44:34,265 Default Risk Charge: 5250.0
2025-04-16 18:44:34,265 Residual Risk Add-On: 20000.0
2025-04-16 18:44:34,269 IR bucket IR: weighted=[ 500. 1100.  900.], Kb=2470.5869747895945
2025-04-16 18:44:34,269 IR total capital charge: 2470.5869747895945
2025-04-16 18:44:34,270 EQ bucket EQ: weighted=[9600. 6300.], Kb=14918.780110987627
2025-04-16 18:44:34,270 EQ total capital charge: 14918.780110987627
2025-04-16 18:44:34,271 FX bucket FX: weighted=[3000. 2000.], Kb=4494.441010848846
2025-04-16 18:44:34,272 FX total capital charge: 4494.441010848846
2025-04-16 18:44:34,273 VEGA bucket IR: weighted=[350.   0.   0.], Kb=350.0
2025-04-16 18:44:34,273 VEGA total capital charge: 350.0
2025-04-16 18:44:34,274 CURVATURE bucket EQ: weighted=[   0. 2400.    0.], Kb=2400.0
2025-04-16 18:44:34,274 CURVATURE total capital charge: 2400.0
2025-04-16 18:44:34,275 Default Risk Charge: 5250.0
2025-04-16 18:44:34,275 Residual Risk Add-On: 20000.0
2025-04-16 18:45:47,454 IR bucket IR: weighted=[ 500. 1100.  900.], Kb=2470.5869747895945
2025-04-16 18:45:47,455 IR total capital charge: 2470.5869747895945
2025-04-16 18:45:47,458 EQ bucket EQ: weighted=[9600. 6300.], Kb=14918.780110987627
2025-04-16 18:45:47,458 EQ total capital charge: 14918.780110987627
2025-04-16 18:45:47,461 FX bucket FX: weighted=[3000. 2000.], Kb=4494.441010848846
2025-04-16 18:45:47,461 FX total capital charge: 4494.441010848846
2025-04-16 18:45:47,463 VEGA bucket IR: weighted=[350.   0.   0.], Kb=350.0
2025-04-16 18:45:47,463 VEGA total capital charge: 350.0
2025-04-16 18:45:47,465 CURVATURE bucket EQ: weighted=[   0. 2400.    0.], Kb=2400.0
2025-04-16 18:45:47,466 CURVATURE total capital charge: 2400.0
2025-04-16 18:45:47,468 Default Risk Charge: 5250.0
2025-04-16 18:45:47,470 Residual Risk Add-On: 20000.0
2025-04-16 18:50:27,268 IR bucket IR: weighted=[ 500. 1100.  900.], Kb=2470.5869747895945
2025-04-16 18:50:27,269 IR total capital charge: 2470.5869747895945
2025-04-16 18:50:27,271 EQ bucket EQ: weighted=[9600. 6300.], Kb=14918.780110987627
2025-04-16 18:50:27,271 EQ total capital charge: 14918.780110987627
2025-04-16 18:50:27,274 FX bucket FX: weighted=[3000. 2000.], Kb=4494.441010848846
2025-04-16 18:50:27,274 FX total capital charge: 4494.441010848846
2025-04-16 18:50:27,277 VEGA bucket IR: weighted=[350.   0.   0.], Kb=350.0
2025-04-16 18:50:27,277 VEGA total capital charge: 350.0
2025-04-16 18:50:27,280 CURVATURE bucket EQ: weighted=[   0. 2400.    0.], Kb=2400.0
2025-04-16 18:50:27,280 CURVATURE total capital charge: 2400.0
2025-04-16 18:50:27,281 Default Risk Charge: 5250.0
2025-04-16 18:50:27,282 Residual Risk Add-On: 20000.0
2025-04-16 18:50:27,292 VaR (at 1.0% confidence level): -0.037133238210836673
2025-04-16 18:50:27,293 VaR (at 1.0% confidence level): -0.037133238210836673
2025-04-16 18:50:27,295 Expected Shortfall (at 1.0% confidence level): -0.04311819288011368
2025-04-16 18:50:27,296 Stress test (5% shock): 9.556827664178932
2025-04-16 18:52:51,047 IR bucket IR: weighted=[ 500. 1100.  900.], Kb=2470.5869747895945
2025-04-16 18:52:51,047 IR total capital charge: 2470.5869747895945
2025-04-16 18:52:51,050 EQ bucket EQ: weighted=[9600. 6300.], Kb=14918.780110987627
2025-04-16 18:52:51,050 EQ total capital charge: 14918.780110987627
2025-04-16 18:52:51,052 FX bucket FX: weighted=[3000. 2000.], Kb=4494.441010848846
2025-04-16 18:52:51,052 FX total capital charge: 4494.441010848846
2025-04-16 18:52:51,053 VEGA bucket IR: weighted=[350.   0.   0.], Kb=350.0
2025-04-16 18:52:51,054 VEGA total capital charge: 350.0
2025-04-16 18:52:51,055 CURVATURE bucket EQ: weighted=[   0. 2400.    0.], Kb=2400.0
2025-04-16 18:52:51,055 CURVATURE total capital charge: 2400.0
2025-04-16 18:52:51,056 Default Risk Charge: 5250.0
2025-04-16 18:52:51,056 Residual Risk Add-On: 20000.0
2025-04-16 18:52:51,059 VaR (at 1.0% confidence level): -0.03471455329690601
2025-04-16 18:52:51,060 VaR (at 1.0% confidence level): -0.03471455329690601
2025-04-16 18:52:51,060 Expected Shortfall (at 1.0% confidence level): -0.04299071128001637
2025-04-16 18:52:51,060 Stress test (5% shock): 9.340809499546078
2025-04-16 18:53:32,555 IR bucket IR: weighted=[ 500. 1100.  900.], Kb=2470.5869747895945
2025-04-16 18:53:32,555 IR total capital charge: 2470.5869747895945
2025-04-16 18:53:32,556 EQ bucket EQ: weighted=[9600. 6300.], Kb=14918.780110987627
2025-04-16 18:53:32,557 EQ total capital charge: 14918.780110987627
2025-04-16 18:53:32,558 FX bucket FX: weighted=[3000. 2000.], Kb=4494.441010848846
2025-04-16 18:53:32,558 FX total capital charge: 4494.441010848846
2025-04-16 18:53:32,559 VEGA bucket IR: weighted=[350.   0.   0.], Kb=350.0
2025-04-16 18:53:32,559 VEGA total capital charge: 350.0
2025-04-16 18:53:32,561 CURVATURE bucket EQ: weighted=[   0. 2400.    0.], Kb=2400.0
2025-04-16 18:53:32,561 CURVATURE total capital charge: 2400.0
2025-04-16 18:53:32,563 Default Risk Charge: 5250.0
2025-04-16 18:53:32,563 Residual Risk Add-On: 20000.0
2025-04-16 18:53:32,567 VaR (at 1.0% confidence level): -0.039357389791703154
2025-04-16 18:53:32,567 VaR (at 1.0% confidence level): -0.039357389791703154
2025-04-16 18:53:32,567 Expected Shortfall (at 1.0% confidence level): -0.04836366332248212
2025-04-16 18:53:32,567 Stress test (5% shock): 8.853359925944613
2025-04-16 18:53:38,703 IR bucket 1Y: weighted=[0.00364798 0.         0.        ], Kb=0.0036479759874045487
2025-04-16 18:53:38,705 IR bucket 2Y: weighted=[0.         0.00484243 0.        ], Kb=0.00484242746977735
2025-04-16 18:53:38,705 IR total capital charge: 0.006062741344040207
2025-04-16 18:53:38,709 EQ bucket Tech: weighted=[0.03926145 0.        ], Kb=0.03926144550149637
2025-04-16 18:53:38,710 EQ bucket Energy: weighted=[0.         0.05163279], Kb=0.051632792024983214
2025-04-16 18:53:38,710 EQ total capital charge: 0.06486452277757186
2025-04-16 18:53:38,712 FX bucket USD: weighted=[0.01322172 0.        ], Kb=0.013221718480837061
2025-04-16 18:53:38,712 FX total capital charge: 0.013221718480837061
2025-04-16 18:53:38,715 VEGA total capital charge: 0.0
2025-04-16 18:53:38,716 CURVATURE total capital charge: 0.0
2025-04-16 18:53:38,717 Default Risk Charge: 0.33898572041621233
2025-04-16 18:53:38,717 Residual Risk Add-On: 1.143480345458682
2025-04-16 18:54:21,762 IR bucket IR: weighted=[ 500. 1100.  900.], Kb=2470.5869747895945
2025-04-16 18:54:21,763 IR total capital charge: 2470.5869747895945
2025-04-16 18:54:21,764 EQ bucket EQ: weighted=[9600. 6300.], Kb=14918.780110987627
2025-04-16 18:54:21,764 EQ total capital charge: 14918.780110987627
2025-04-16 18:54:21,766 FX bucket FX: weighted=[3000. 2000.], Kb=4494.441010848846
2025-04-16 18:54:21,766 FX total capital charge: 4494.441010848846
2025-04-16 18:54:21,768 VEGA bucket IR: weighted=[350.   0.   0.], Kb=350.0
2025-04-16 18:54:21,768 VEGA total capital charge: 350.0
2025-04-16 18:54:21,770 CURVATURE bucket EQ: weighted=[   0. 2400.    0.], Kb=2400.0
2025-04-16 18:54:21,770 CURVATURE total capital charge: 2400.0
2025-04-16 18:54:21,771 Default Risk Charge: 5250.0
2025-04-16 18:54:21,772 Residual Risk Add-On: 20000.0
2025-04-16 18:55:13,459 IR bucket IR: weighted=[ 500. 1100.  900.], Kb=2470.5869747895945
2025-04-16 18:55:13,459 IR total capital charge: 2470.5869747895945
2025-04-16 18:55:13,460 EQ bucket EQ: weighted=[9600. 6300.], Kb=14918.780110987627
2025-04-16 18:55:13,460 EQ total capital charge: 14918.780110987627
2025-04-16 18:55:13,461 FX bucket FX: weighted=[3000. 2000.], Kb=4494.441010848846
2025-04-16 18:55:13,461 FX total capital charge: 4494.441010848846
2025-04-16 18:55:13,462 VEGA bucket IR: weighted=[350.   0.   0.], Kb=350.0
2025-04-16 18:55:13,462 VEGA total capital charge: 350.0
2025-04-16 18:55:13,463 CURVATURE bucket EQ: weighted=[   0. 2400.    0.], Kb=2400.0
2025-04-16 18:55:13,463 CURVATURE total capital charge: 2400.0
2025-04-16 18:55:13,465 Default Risk Charge: 5250.0
2025-04-16 18:55:13,466 Residual Risk Add-On: 20000.0
2025-04-16 18:55:13,665 IR bucket IR: weighted=[ 500. 1100.  900.], Kb=2470.5869747895945
2025-04-16 18:55:13,665 IR total capital charge: 2470.5869747895945
2025-04-16 18:55:13,666 EQ bucket EQ: weighted=[9600. 6300.], Kb=14918.780110987627
2025-04-16 18:55:13,666 EQ total capital charge: 14918.780110987627
2025-04-16 18:55:13,667 FX bucket FX: weighted=[3000. 2000.], Kb=4494.441010848846
2025-04-16 18:55:13,667 FX total capital charge: 4494.441010848846
2025-04-16 18:55:13,668 VEGA bucket IR: weighted=[350.   0.   0.], Kb=350.0
2025-04-16 18:55:13,668 VEGA total capital charge: 350.0
2025-04-16 18:55:13,670 CURVATURE bucket EQ: weighted=[   0. 2400.    0.], Kb=2400.0
2025-04-16 18:55:13,670 CURVATURE total capital charge: 2400.0
2025-04-16 18:55:13,670 Default Risk Charge: 5250.0
2025-04-16 18:55:13,670 Residual Risk Add-On: 20000.0
2025-04-16 18:55:19,883 IR bucket IR: weighted=[ 500. 1100.  900.], Kb=2470.5869747895945
2025-04-16 18:55:19,883 IR total capital charge: 2470.5869747895945
2025-04-16 18:55:19,884 EQ bucket EQ: weighted=[9600. 6300.], Kb=14918.780110987627
2025-04-16 18:55:19,885 EQ total capital charge: 14918.780110987627
2025-04-16 18:55:19,886 FX bucket FX: weighted=[3000. 2000.], Kb=4494.441010848846
2025-04-16 18:55:19,886 FX total capital charge: 4494.441010848846
2025-04-16 18:55:19,887 VEGA bucket IR: weighted=[350.   0.   0.], Kb=350.0
2025-04-16 18:55:19,888 VEGA total capital charge: 350.0
2025-04-16 18:55:19,889 CURVATURE bucket EQ: weighted=[   0. 2400.    0.], Kb=2400.0
2025-04-16 18:55:19,889 CURVATURE total capital charge: 2400.0
2025-04-16 18:55:19,889 Default Risk Charge: 5250.0
2025-04-16 18:55:19,890 Residual Risk Add-On: 20000.0
2025-04-16 18:55:25,482 IR bucket IR: weighted=[ 500. 1100.  900.], Kb=2470.5869747895945
2025-04-16 18:55:25,483 IR total capital charge: 2470.5869747895945
2025-04-16 18:55:25,484 EQ bucket EQ: weighted=[9600. 6300.], Kb=14918.780110987627
2025-04-16 18:55:25,484 EQ total capital charge: 14918.780110987627
2025-04-16 18:55:25,485 FX bucket FX: weighted=[3000. 2000.], Kb=4494.441010848846
2025-04-16 18:55:25,485 FX total capital charge: 4494.441010848846
2025-04-16 18:55:25,486 VEGA bucket IR: weighted=[350.   0.   0.], Kb=350.0
2025-04-16 18:55:25,486 VEGA total capital charge: 350.0
2025-04-16 18:55:25,488 CURVATURE bucket EQ: weighted=[   0. 2400.    0.], Kb=2400.0
2025-04-16 18:55:25,488 CURVATURE total capital charge: 2400.0
2025-04-16 18:55:25,488 Default Risk Charge: 5250.0
2025-04-16 18:55:25,489 Residual Risk Add-On: 20000.0
2025-04-16 18:55:43,826 IR bucket IR: weighted=[ 500. 1100.  900.], Kb=2470.5869747895945
2025-04-16 18:55:43,826 IR total capital charge: 2470.5869747895945
2025-04-16 18:55:43,828 EQ bucket EQ: weighted=[9600. 6300.], Kb=14918.780110987627
2025-04-16 18:55:43,828 EQ total capital charge: 14918.780110987627
2025-04-16 18:55:43,829 FX bucket FX: weighted=[3000. 2000.], Kb=4494.441010848846
2025-04-16 18:55:43,829 FX total capital charge: 4494.441010848846
2025-04-16 18:55:43,830 VEGA bucket IR: weighted=[350.   0.   0.], Kb=350.0
2025-04-16 18:55:43,830 VEGA total capital charge: 350.0
2025-04-16 18:55:43,831 CURVATURE bucket EQ: weighted=[   0. 2400.    0.], Kb=2400.0
2025-04-16 18:55:43,831 CURVATURE total capital charge: 2400.0
2025-04-16 18:55:43,832 Default Risk Charge: 5250.0
2025-04-16 18:55:43,832 Residual Risk Add-On: 20000.0
2025-04-16 18:55:43,834 VaR (at 1.0% confidence level): -0.03538378868130096
2025-04-16 18:55:43,836 VaR (at 1.0% confidence level): -0.03538378868130096
2025-04-16 18:55:43,836 Expected Shortfall (at 1.0% confidence level): -0.043852660041508784
2025-04-16 18:55:43,836 Stress test (5% shock): 8.747664723655173
2025-04-16 18:55:55,744 IR bucket 1Y: weighted=[0.00019399 0.         0.        ], Kb=0.00019398755082695063
2025-04-16 18:55:55,745 IR bucket 2Y: weighted=[0.         0.00283108 0.        ], Kb=0.0028310750334129362
2025-04-16 18:55:55,746 IR total capital charge: 0.002837713342585874
2025-04-16 18:55:55,748 EQ bucket Tech: weighted=[0.05658995 0.        ], Kb=0.056589945148578034
2025-04-16 18:55:55,749 EQ bucket Energy: weighted=[0.         0.00189229], Kb=0.001892285206826201
2025-04-16 18:55:55,749 EQ total capital charge: 0.05662157393805867
2025-04-16 18:55:55,750 FX bucket USD: weighted=[0.05027617 0.        ], Kb=0.0502761711863936
2025-04-16 18:55:55,750 FX total capital charge: 0.0502761711863936
2025-04-16 18:55:55,751 VEGA total capital charge: 0.0
2025-04-16 18:55:55,751 CURVATURE total capital charge: 0.0
2025-04-16 18:55:55,752 Default Risk Charge: 0.3812479974979037
2025-04-16 18:55:55,752 Residual Risk Add-On: 0.9135897036336357
2025-04-16 18:56:00,724 IR bucket 1Y: weighted=[0.00393275 0.         0.        ], Kb=0.003932751540956762
2025-04-16 18:56:00,726 IR bucket 2Y: weighted=[0.         0.00262587 0.        ], Kb=0.0026258703910828217
2025-04-16 18:56:00,726 IR total capital charge: 0.0047288190908157226
2025-04-16 18:56:00,728 EQ bucket Tech: weighted=[0.07207072 0.        ], Kb=0.07207071658419693
2025-04-16 18:56:00,728 EQ bucket Energy: weighted=[0.         0.04193418], Kb=0.04193418035031887
2025-04-16 18:56:00,728 EQ total capital charge: 0.08338263410694524
2025-04-16 18:56:00,730 FX bucket USD: weighted=[0.03714323 0.        ], Kb=0.03714323325749971
2025-04-16 18:56:00,731 FX total capital charge: 0.03714323325749971
2025-04-16 18:56:00,732 VEGA total capital charge: 0.0
2025-04-16 18:56:00,733 CURVATURE total capital charge: 0.0
2025-04-16 18:56:00,733 Default Risk Charge: 0.8056240178141765
2025-04-16 18:56:00,734 Residual Risk Add-On: 2.0338374045635543
2025-04-16 18:56:05,588 IR bucket IR: weighted=[ 500. 1100.  900.], Kb=2470.5869747895945
2025-04-16 18:56:05,589 IR total capital charge: 2470.5869747895945
2025-04-16 18:56:05,590 EQ bucket EQ: weighted=[9600. 6300.], Kb=14918.780110987627
2025-04-16 18:56:05,590 EQ total capital charge: 14918.780110987627
2025-04-16 18:56:05,591 FX bucket FX: weighted=[3000. 2000.], Kb=4494.441010848846
2025-04-16 18:56:05,591 FX total capital charge: 4494.441010848846
2025-04-16 18:56:05,593 VEGA bucket IR: weighted=[350.   0.   0.], Kb=350.0
2025-04-16 18:56:05,593 VEGA total capital charge: 350.0
2025-04-16 18:56:05,594 CURVATURE bucket EQ: weighted=[   0. 2400.    0.], Kb=2400.0
2025-04-16 18:56:05,594 CURVATURE total capital charge: 2400.0
2025-04-16 18:56:05,595 Default Risk Charge: 5250.0
2025-04-16 18:56:05,595 Residual Risk Add-On: 20000.0
2025-04-16 18:56:05,597 VaR (at 1.0% confidence level): -0.03534622586344872
2025-04-16 18:56:05,598 VaR (at 1.0% confidence level): -0.03534622586344872
2025-04-16 18:56:05,598 Expected Shortfall (at 1.0% confidence level): -0.043433955683916656
2025-04-16 18:56:05,598 Stress test (5% shock): 10.086422107601955
2025-04-16 18:56:21,535 IR bucket IR: weighted=[ 500. 1100.  900.], Kb=2470.5869747895945
2025-04-16 18:56:21,535 IR total capital charge: 2470.5869747895945
2025-04-16 18:56:21,536 EQ bucket EQ: weighted=[9600. 6300.], Kb=14918.780110987627
2025-04-16 18:56:21,536 EQ total capital charge: 14918.780110987627
2025-04-16 18:56:21,538 FX bucket FX: weighted=[3000. 2000.], Kb=4494.441010848846
2025-04-16 18:56:21,538 FX total capital charge: 4494.441010848846
2025-04-16 18:56:21,540 VEGA bucket IR: weighted=[350.   0.   0.], Kb=350.0
2025-04-16 18:56:21,540 VEGA total capital charge: 350.0
2025-04-16 18:56:21,541 CURVATURE bucket EQ: weighted=[   0. 2400.    0.], Kb=2400.0
2025-04-16 18:56:21,541 CURVATURE total capital charge: 2400.0
2025-04-16 18:56:21,542 Default Risk Charge: 5250.0
2025-04-16 18:56:21,543 Residual Risk Add-On: 20000.0
2025-04-16 18:56:21,545 VaR (at 1.0% confidence level): -0.03652119301317068
2025-04-16 18:56:21,546 VaR (at 1.0% confidence level): -0.03652119301317068
2025-04-16 18:56:21,546 Expected Shortfall (at 1.0% confidence level): -0.04561776597748042
2025-04-16 18:56:21,546 Stress test (5% shock): 10.32199413794966
2025-04-16 18:56:45,719 IR bucket IR: weighted=[ 500. 1100.  900.], Kb=2470.5869747895945
2025-04-16 18:56:45,719 IR total capital charge: 2470.5869747895945
2025-04-16 18:56:45,720 EQ bucket EQ: weighted=[9600. 6300.], Kb=14918.780110987627
2025-04-16 18:56:45,721 EQ total capital charge: 14918.780110987627
2025-04-16 18:56:45,722 FX bucket FX: weighted=[3000. 2000.], Kb=4494.441010848846
2025-04-16 18:56:45,723 FX total capital charge: 4494.441010848846
2025-04-16 18:56:45,724 VEGA bucket IR: weighted=[350.   0.   0.], Kb=350.0
2025-04-16 18:56:45,724 VEGA total capital charge: 350.0
2025-04-16 18:56:45,725 CURVATURE bucket EQ: weighted=[   0. 2400.    0.], Kb=2400.0
2025-04-16 18:56:45,726 CURVATURE total capital charge: 2400.0
2025-04-16 18:56:45,726 Default Risk Charge: 5250.0
2025-04-16 18:56:45,727 Residual Risk Add-On: 20000.0
2025-04-16 18:58:34,186 IR bucket IR: weighted=[ 500. 1100.  900.], Kb=2470.5869747895945
2025-04-16 18:58:34,186 IR total capital charge: 2470.5869747895945
2025-04-16 18:58:34,188 EQ bucket EQ: weighted=[9600. 6300.], Kb=14918.780110987627
2025-04-16 18:58:34,188 EQ total capital charge: 14918.780110987627
2025-04-16 18:58:34,189 FX bucket FX: weighted=[3000. 2000.], Kb=4494.441010848846
2025-04-16 18:58:34,189 FX total capital charge: 4494.441010848846
2025-04-16 18:58:34,191 VEGA bucket IR: weighted=[350.   0.   0.], Kb=350.0
2025-04-16 18:58:34,192 VEGA total capital charge: 350.0
2025-04-16 18:58:34,193 CURVATURE bucket EQ: weighted=[   0. 2400.    0.], Kb=2400.0
2025-04-16 18:58:34,193 CURVATURE total capital charge: 2400.0
2025-04-16 18:58:34,194 Default Risk Charge: 5250.0
2025-04-16 18:58:34,194 Residual Risk Add-On: 20000.0
2025-04-16 18:58:34,197 VaR (at 1.0% confidence level): -0.03652119301317068
2025-04-16 18:58:34,197 VaR (at 1.0% confidence level): -0.03652119301317068
2025-04-16 18:58:34,198 Expected Shortfall (at 1.0% confidence level): -0.04561776597748042
2025-04-16 18:58:34,198 Stress test (5% shock): 10.32199413794966
2025-04-16 19:09:13,001 IR bucket IR: weighted=[ 500. 1100.  840.  720.  682.  650.], Kb=4357.573682681682
2025-04-16 19:09:13,001 IR total capital charge: 4357.573682681682
2025-04-16 19:09:13,005 EQ bucket EQ: weighted=[9600. 6300. 6650. 8625.], Kb=27961.923664154438
2025-04-16 19:09:13,005 EQ total capital charge: 27961.923664154438
2025-04-16 19:09:13,009 FX bucket FX: weighted=[3000. 2000. 1650. 1000.], Kb=6446.743363900878
2025-04-16 19:09:13,009 FX total capital charge: 6446.743363900878
2025-04-16 19:09:13,010 VEGA total capital charge: 0.0
2025-04-16 19:09:13,011 CURVATURE total capital charge: 0.0
2025-04-16 19:09:13,012 Default Risk Charge: 9500.0
2025-04-16 19:09:13,013 Residual Risk Add-On: 125000.0
2025-04-16 19:18:24,196 IR bucket IR: weighted=[ 500. 1100.  840.  720.  682.  650.], Kb=4357.573682681682
2025-04-16 19:18:24,197 IR total capital charge: 4357.573682681682
2025-04-16 19:18:24,199 EQ bucket EQ: weighted=[9600. 6300. 6650. 8625.], Kb=27961.923664154438
2025-04-16 19:18:24,199 EQ total capital charge: 27961.923664154438
2025-04-16 19:18:24,200 FX bucket FX: weighted=[3000. 2000. 2475. 1900.], Kb=7831.613818364642
2025-04-16 19:18:24,200 FX total capital charge: 7831.613818364642
2025-04-16 19:18:24,201 VEGA total capital charge: 0.0
2025-04-16 19:18:24,201 CURVATURE total capital charge: 0.0
2025-04-16 19:18:24,202 Default Risk Charge: 23875.0
2025-04-16 19:18:24,202 Residual Risk Add-On: 455000.0
2025-04-16 19:18:24,210 IR bucket IR: weighted=[ 500. 1100.  840.  720.  682.  650.], Kb=4357.573682681682
2025-04-16 19:18:24,210 IR total capital charge: 4357.573682681682
2025-04-16 19:18:24,212 EQ bucket EQ: weighted=[9600. 6300. 6650. 8625.], Kb=27961.923664154438
2025-04-16 19:18:24,212 EQ total capital charge: 27961.923664154438
2025-04-16 19:18:24,214 FX bucket FX: weighted=[3000. 2000. 2475. 1900.], Kb=7831.613818364642
2025-04-16 19:18:24,214 FX total capital charge: 7831.613818364642
2025-04-16 19:18:24,214 VEGA total capital charge: 0.0
2025-04-16 19:18:24,215 CURVATURE total capital charge: 0.0
2025-04-16 19:18:24,215 Default Risk Charge: 23875.0
2025-04-16 19:18:24,215 Residual Risk Add-On: 455000.0
2025-04-16 19:21:19,671 IR bucket IR: weighted=[ 500. 1100.  840.  720.  682.  650.], Kb=4357.573682681682
2025-04-16 19:21:19,671 IR total capital charge: 4357.573682681682
2025-04-16 19:21:19,673 EQ bucket EQ: weighted=[9600. 6300. 6650. 8625.], Kb=27961.923664154438
2025-04-16 19:21:19,673 EQ total capital charge: 27961.923664154438
2025-04-16 19:21:19,674 FX bucket FX: weighted=[3000. 2000. 1925. 1500.], Kb=7054.138856019209
2025-04-16 19:21:19,674 FX total capital charge: 7054.138856019209
2025-04-16 19:21:19,674 VEGA total capital charge: 0.0
2025-04-16 19:21:19,675 CURVATURE total capital charge: 0.0
2025-04-16 19:21:19,675 Default Risk Charge: 16225.0
2025-04-16 19:21:19,676 Residual Risk Add-On: 455000.0
2025-04-16 19:21:19,681 IR bucket IR: weighted=[ 500. 1100.  840.  720.  682.  650.], Kb=4357.573682681682
2025-04-16 19:21:19,682 IR total capital charge: 4357.573682681682
2025-04-16 19:21:19,684 EQ bucket EQ: weighted=[9600. 6300. 6650. 8625.], Kb=27961.923664154438
2025-04-16 19:21:19,685 EQ total capital charge: 27961.923664154438
2025-04-16 19:21:19,686 FX bucket FX: weighted=[3000. 2000. 1925. 1500.], Kb=7054.138856019209
2025-04-16 19:21:19,686 FX total capital charge: 7054.138856019209
2025-04-16 19:21:19,687 VEGA total capital charge: 0.0
2025-04-16 19:21:19,687 CURVATURE total capital charge: 0.0
2025-04-16 19:21:19,688 Default Risk Charge: 16225.0
2025-04-16 19:21:19,688 Residual Risk Add-On: 455000.0
2025-04-16 19:25:25,199 IR bucket IR: weighted=[ 500. 1100.  900.], Kb=2470.5869747895945
2025-04-16 19:25:25,200 IR total capital charge: 2470.5869747895945
2025-04-16 19:25:25,202 EQ bucket EQ: weighted=[9600. 6300.], Kb=14918.780110987627
2025-04-16 19:25:25,203 EQ total capital charge: 14918.780110987627
2025-04-16 19:25:25,204 FX bucket FX: weighted=[3000. 2000.], Kb=4494.441010848846
2025-04-16 19:25:25,204 FX total capital charge: 4494.441010848846
2025-04-16 19:25:25,206 VEGA bucket IR: weighted=[350.   0.   0.], Kb=350.0
2025-04-16 19:25:25,206 VEGA total capital charge: 350.0
2025-04-16 19:25:25,208 CURVATURE bucket EQ: weighted=[   0. 2400.    0.], Kb=2400.0
2025-04-16 19:25:25,208 CURVATURE total capital charge: 2400.0
2025-04-16 19:25:25,209 Default Risk Charge: 5250.0
2025-04-16 19:25:25,210 Residual Risk Add-On: 20000.0
2025-04-16 19:25:25,213 VaR (at 1.0% confidence level): -0.03652119301317068
2025-04-16 19:25:25,214 VaR (at 1.0% confidence level): -0.03652119301317068
2025-04-16 19:25:25,214 Expected Shortfall (at 1.0% confidence level): -0.04561776597748042
2025-04-16 19:25:25,215 Stress test (5% shock): 10.32199413794966
2025-04-16 19:25:35,915 IR bucket IR: weighted=[ 500. 1100.  900.], Kb=2470.5869747895945
2025-04-16 19:25:35,915 IR total capital charge: 2470.5869747895945
2025-04-16 19:25:35,917 EQ bucket EQ: weighted=[9600. 6300.], Kb=14918.780110987627
2025-04-16 19:25:35,917 EQ total capital charge: 14918.780110987627
2025-04-16 19:25:35,918 FX bucket FX: weighted=[3000. 2000.], Kb=4494.441010848846
2025-04-16 19:25:35,918 FX total capital charge: 4494.441010848846
2025-04-16 19:25:35,920 VEGA bucket IR: weighted=[350.   0.   0.], Kb=350.0
2025-04-16 19:25:35,920 VEGA total capital charge: 350.0
2025-04-16 19:25:35,922 CURVATURE bucket EQ: weighted=[   0. 2400.    0.], Kb=2400.0
2025-04-16 19:25:35,923 CURVATURE total capital charge: 2400.0
2025-04-16 19:25:35,923 Default Risk Charge: 5250.0
2025-04-16 19:25:35,924 Residual Risk Add-On: 20000.0
2025-04-16 19:25:35,926 VaR (at 1.0% confidence level): -0.03652119301317068
2025-04-16 19:25:35,927 VaR (at 1.0% confidence level): -0.03652119301317068
2025-04-16 19:25:35,928 Expected Shortfall (at 1.0% confidence level): -0.04561776597748042
2025-04-16 19:25:35,928 Stress test (5% shock): 10.32199413794966
2025-04-16 19:27:37,623 IR bucket IR: weighted=[ 500. 1100.  840.  720.  682.  650.], Kb=4357.573682681682
2025-04-16 19:27:37,624 IR total capital charge: 4357.573682681682
2025-04-16 19:27:37,625 EQ bucket EQ: weighted=[9600. 6300. 6650. 8625.], Kb=27961.923664154438
2025-04-16 19:27:37,625 EQ total capital charge: 27961.923664154438
2025-04-16 19:27:37,627 FX bucket FX: weighted=[3000. 2000. 2475. 1900.], Kb=7831.613818364642
2025-04-16 19:27:37,627 FX total capital charge: 7831.613818364642
2025-04-16 19:27:37,628 VEGA total capital charge: 0.0
2025-04-16 19:27:37,628 CURVATURE total capital charge: 0.0
2025-04-16 19:27:37,629 Default Risk Charge: 23875.0
2025-04-16 19:27:37,629 Residual Risk Add-On: 455000.0
2025-04-16 19:27:37,631 VaR (at 1.0% confidence level): -0.03652119301317068
2025-04-16 19:27:37,632 VaR (at 1.0% confidence level): -0.03652119301317068
2025-04-16 19:27:37,632 Expected Shortfall (at 1.0% confidence level): -0.04561776597748042
2025-04-16 19:27:37,633 Stress test (5% shock): 10.32199413794966
2025-04-16 19:29:03,308 IR bucket IR: weighted=[ 500. 1100.  840.  720.  682.  650.], Kb=4357.573682681682
2025-04-16 19:29:03,308 IR total capital charge: 4357.573682681682
2025-04-16 19:29:03,309 EQ bucket EQ: weighted=[9600. 6300. 6650. 8625.], Kb=27961.923664154438
2025-04-16 19:29:03,310 EQ total capital charge: 27961.923664154438
2025-04-16 19:29:03,311 FX bucket FX: weighted=[3000. 2000. 2475. 1900.], Kb=7831.613818364642
2025-04-16 19:29:03,311 FX total capital charge: 7831.613818364642
2025-04-16 19:29:03,312 VEGA bucket IR: weighted=[250.   0.   0.], Kb=250.0
2025-04-16 19:29:03,314 VEGA bucket EQ: weighted=[   0. 2100.    0.], Kb=2100.0
2025-04-16 19:29:03,315 VEGA bucket FX: weighted=[   0.    0. 2400.], Kb=2400.0
2025-04-16 19:29:03,316 VEGA total capital charge: 3198.8279103446625
2025-04-16 19:29:03,317 CURVATURE bucket IR: weighted=[75.  0.  0.], Kb=75.0
2025-04-16 19:29:03,318 CURVATURE bucket EQ: weighted=[   0. 1200.    0.], Kb=1200.0
2025-04-16 19:29:03,319 CURVATURE bucket FX: weighted=[  0.   0. 900.], Kb=900.0
2025-04-16 19:29:03,319 CURVATURE total capital charge: 1501.873829587559
2025-04-16 19:29:03,320 Default Risk Charge: 23875.0
2025-04-16 19:29:03,321 Residual Risk Add-On: 455000.0
2025-04-16 19:29:03,322 VaR (at 1.0% confidence level): -0.03652119301317068
2025-04-16 19:29:03,323 VaR (at 1.0% confidence level): -0.03652119301317068
2025-04-16 19:29:03,323 Expected Shortfall (at 1.0% confidence level): -0.04561776597748042
2025-04-16 19:29:03,323 Stress test (5% shock): 10.32199413794966
2025-05-05 11:57:00,529 IR bucket IR: weighted=[ 500. 1100.  840.  720.  682.  650.], Kb=4357.573682681682
2025-05-05 11:57:00,531 IR total capital charge: 4357.573682681682
2025-05-05 11:57:00,536 EQ bucket EQ: weighted=[9600. 6300. 6650. 8625.], Kb=27961.923664154438
2025-05-05 11:57:00,538 EQ total capital charge: 27961.923664154438
2025-05-05 11:57:00,542 FX bucket FX: weighted=[3000. 2000. 2475. 1900.], Kb=7831.613818364642
2025-05-05 11:57:00,542 FX total capital charge: 7831.613818364642
2025-05-05 11:57:00,546 VEGA bucket IR: weighted=[250.   0.   0.], Kb=250.0
2025-05-05 11:57:00,552 VEGA bucket EQ: weighted=[   0. 2100.    0.], Kb=2100.0
2025-05-05 11:57:00,555 VEGA bucket FX: weighted=[   0.    0. 2400.], Kb=2400.0
2025-05-05 11:57:00,555 VEGA total capital charge: 3198.8279103446625
2025-05-05 11:57:00,565 CURVATURE bucket IR: weighted=[75.  0.  0.], Kb=75.0
2025-05-05 11:57:00,569 CURVATURE bucket EQ: weighted=[   0. 1200.    0.], Kb=1200.0
2025-05-05 11:57:00,571 CURVATURE bucket FX: weighted=[  0.   0. 900.], Kb=900.0
2025-05-05 11:57:00,573 CURVATURE total capital charge: 1501.873829587559
2025-05-05 11:57:00,582 Default Risk Charge: 23875.0
2025-05-05 11:57:00,584 Residual Risk Add-On: 455000.0
2025-05-05 11:57:28,965 IR bucket IR: weighted=[ 500. 1100.  900.], Kb=2470.5869747895945
2025-05-05 11:57:28,965 IR total capital charge: 2470.5869747895945
2025-05-05 11:57:28,969 EQ bucket EQ: weighted=[9600. 6300.], Kb=14918.780110987627
2025-05-05 11:57:28,969 EQ total capital charge: 14918.780110987627
2025-05-05 11:57:28,972 FX bucket FX: weighted=[3000. 2000.], Kb=4494.441010848846
2025-05-05 11:57:28,972 FX total capital charge: 4494.441010848846
2025-05-05 11:57:28,976 VEGA bucket IR: weighted=[350.   0.   0.], Kb=350.0
2025-05-05 11:57:28,976 VEGA total capital charge: 350.0
2025-05-05 11:57:28,980 CURVATURE bucket EQ: weighted=[   0. 2400.    0.], Kb=2400.0
2025-05-05 11:57:28,980 CURVATURE total capital charge: 2400.0
2025-05-05 11:57:28,984 Default Risk Charge: 5250.0
2025-05-05 11:57:28,985 Residual Risk Add-On: 20000.0
2025-05-05 11:57:28,994 VaR (at 1.0% confidence level): -0.03524863046935818
2025-05-05 11:57:28,995 VaR (at 1.0% confidence level): -0.03524863046935818
2025-05-05 11:57:28,998 Expected Shortfall (at 1.0% confidence level): -0.04265624867393942
2025-05-05 11:57:28,999 Stress test (5% shock): 9.99522589630769
2025-05-05 12:01:53,963 IR bucket IR: weighted=[ 500. 1100.  840.  720.  682.  650.], Kb=4357.573682681682
2025-05-05 12:01:53,963 IR total capital charge: 4357.573682681682
2025-05-05 12:01:53,966 EQ bucket EQ: weighted=[9600. 6300. 6650. 8625.], Kb=27961.923664154438
2025-05-05 12:01:53,966 EQ total capital charge: 27961.923664154438
2025-05-05 12:01:53,969 FX bucket FX: weighted=[3000. 2000. 2475. 1900.], Kb=7831.613818364642
2025-05-05 12:01:53,969 FX total capital charge: 7831.613818364642
2025-05-05 12:01:53,974 VEGA bucket IR: weighted=[250.   0.   0.], Kb=250.0
2025-05-05 12:01:53,977 VEGA bucket EQ: weighted=[   0. 2100.    0.], Kb=2100.0
2025-05-05 12:01:53,980 VEGA bucket FX: weighted=[   0.    0. 2400.], Kb=2400.0
2025-05-05 12:01:53,980 VEGA total capital charge: 3198.8279103446625
2025-05-05 12:01:53,982 CURVATURE bucket IR: weighted=[75.  0.  0.], Kb=75.0
2025-05-05 12:01:53,984 CURVATURE bucket EQ: weighted=[   0. 1200.    0.], Kb=1200.0
2025-05-05 12:01:53,986 CURVATURE bucket FX: weighted=[  0.   0. 900.], Kb=900.0
2025-05-05 12:01:53,986 CURVATURE total capital charge: 1501.873829587559
2025-05-05 12:01:53,991 Default Risk Charge: 23875.0
2025-05-05 12:01:53,993 Residual Risk Add-On: 455000.0
2025-05-05 12:01:54,002 VaR (at 1.0% confidence level): -0.03670492048690501
2025-05-05 12:01:54,003 VaR (at 1.0% confidence level): -0.03670492048690501
2025-05-05 12:01:54,003 Expected Shortfall (at 1.0% confidence level): -0.046108104119294925
2025-05-05 12:01:54,005 Stress test (5% shock): 10.360473563838918
2025-05-05 12:08:05,672 IR bucket IR: weighted=[ 500. 1100.  840.  720.  682.  650.], Kb=4357.573682681682
2025-05-05 12:08:05,673 IR total capital charge: 4357.573682681682
2025-05-05 12:08:05,674 EQ bucket EQ: weighted=[9600. 6300. 6650. 8625.], Kb=27961.923664154438
2025-05-05 12:08:05,674 EQ total capital charge: 27961.923664154438
2025-05-05 12:08:05,677 FX bucket FX: weighted=[3000. 2000. 2475. 1900.], Kb=7831.613818364642
2025-05-05 12:08:05,677 FX total capital charge: 7831.613818364642
2025-05-05 12:08:05,679 VEGA bucket IR: weighted=[250.   0.   0.], Kb=250.0
2025-05-05 12:08:05,681 VEGA bucket EQ: weighted=[   0. 2100.    0.], Kb=2100.0
2025-05-05 12:08:05,683 VEGA bucket FX: weighted=[   0.    0. 2400.], Kb=2400.0
2025-05-05 12:08:05,683 VEGA total capital charge: 3198.8279103446625
2025-05-05 12:08:05,685 CURVATURE bucket IR: weighted=[75.  0.  0.], Kb=75.0
2025-05-05 12:08:05,685 CURVATURE bucket EQ: weighted=[   0. 1200.    0.], Kb=1200.0
2025-05-05 12:08:05,685 CURVATURE bucket FX: weighted=[  0.   0. 900.], Kb=900.0
2025-05-05 12:08:05,685 CURVATURE total capital charge: 1501.873829587559
2025-05-05 12:08:05,692 Default Risk Charge: 23875.0
2025-05-05 12:08:05,692 Residual Risk Add-On: 455000.0
2025-05-05 12:08:05,699 VaR (at 1.0% confidence level): -0.03464550564215039
2025-05-05 12:08:05,700 VaR (at 1.0% confidence level): -0.03464550564215039
2025-05-05 12:08:05,700 Expected Shortfall (at 1.0% confidence level): -0.041630468948509726
2025-05-05 12:08:05,701 Stress test (5% shock): 9.776424361647825
2025-05-05 12:09:05,200 IR bucket IR: weighted=[ 500. 1100.  840.  720.  682.  650.], Kb=4357.573682681682
2025-05-05 12:09:05,201 IR total capital charge: 4357.573682681682
2025-05-05 12:09:05,206 EQ bucket EQ: weighted=[9600. 6300. 6650. 8625.], Kb=27961.923664154438
2025-05-05 12:09:05,206 EQ total capital charge: 27961.923664154438
2025-05-05 12:09:05,211 FX bucket FX: weighted=[3000. 2000. 2475. 1900.], Kb=7831.613818364642
2025-05-05 12:09:05,212 FX total capital charge: 7831.613818364642
2025-05-05 12:09:05,217 VEGA bucket IR: weighted=[250.   0.   0.], Kb=250.0
2025-05-05 12:09:05,219 VEGA bucket EQ: weighted=[   0. 2100.    0.], Kb=2100.0
2025-05-05 12:09:05,222 VEGA bucket FX: weighted=[   0.    0. 2400.], Kb=2400.0
2025-05-05 12:09:05,222 VEGA total capital charge: 3198.8279103446625
2025-05-05 12:09:05,225 CURVATURE bucket IR: weighted=[75.  0.  0.], Kb=75.0
2025-05-05 12:09:05,228 CURVATURE bucket EQ: weighted=[   0. 1200.    0.], Kb=1200.0
2025-05-05 12:09:05,232 CURVATURE bucket FX: weighted=[  0.   0. 900.], Kb=900.0
2025-05-05 12:09:05,232 CURVATURE total capital charge: 1501.873829587559
2025-05-05 12:09:05,233 Default Risk Charge: 23875.0
2025-05-05 12:09:05,234 Residual Risk Add-On: 455000.0
2025-05-05 12:09:05,238 VaR (at 1.0% confidence level): -0.0380483999751197
2025-05-05 12:09:05,239 VaR (at 1.0% confidence level): -0.0380483999751197
2025-05-05 12:09:05,240 Expected Shortfall (at 1.0% confidence level): -0.04584818183448123
2025-05-05 12:09:05,241 Stress test (5% shock): 92.76508262549822
